2019-12-26T18:21:22+00:00 CRITICAL Uncaught Error: Class 'Smackcoders\WCSV\SmackCSVInstall' not found in /Applications/XAMPP/xamppfiles/htdocs/atom-wp/wp-content/plugins/wp-ultimate-csv-importer-pro/wp-ultimate-csv-importer-pro.php:430
Stack trace:
#0 /Applications/XAMPP/xamppfiles/htdocs/atom-wp/wp-admin/includes/plugin.php(641): include_once()
#1 /Applications/XAMPP/xamppfiles/htdocs/atom-wp/wp-admin/plugins.php(44): activate_plugin('wp-ultimate-csv...', 'http://localhos...', false)
#2 {main}
  thrown in /Applications/XAMPP/xamppfiles/htdocs/atom-wp/wp-content/plugins/wp-ultimate-csv-importer-pro/wp-ultimate-csv-importer-pro.php on line 430

2019-12-26T18:21:22+00:00 CRITICAL Uncaught Error: Class 'Smackcoders\WCSV\SmackCSVInstall' not found in /Applications/XAMPP/xamppfiles/htdocs/atom-wp/wp-content/plugins/wp-ultimate-csv-importer-pro/wp-ultimate-csv-importer-pro.php:430
Stack trace:
#0 /Applications/XAMPP/xamppfiles/htdocs/atom-wp/wp-admin/includes/plugin.php(2141): include()
#1 /Applications/XAMPP/xamppfiles/htdocs/atom-wp/wp-admin/plugins.php(175): plugin_sandbox_scrape('wp-ultimate-csv...')
#2 {main}
  thrown in /Applications/XAMPP/xamppfiles/htdocs/atom-wp/wp-content/plugins/wp-ultimate-csv-importer-pro/wp-ultimate-csv-importer-pro.php on line 430

2019-12-26T18:21:22+00:00 CRITICAL Uncaught Error: Class 'Smackcoders\WCSV\SmackCSVInstall' not found in /Applications/XAMPP/xamppfiles/htdocs/atom-wp/wp-content/plugins/wp-ultimate-csv-importer-pro/wp-ultimate-csv-importer-pro.php:430
Stack trace:
#0 /Applications/XAMPP/xamppfiles/htdocs/atom-wp/wp-admin/includes/plugin.php(2141): include()
#1 /Applications/XAMPP/xamppfiles/htdocs/atom-wp/wp-admin/plugins.php(175): plugin_sandbox_scrape('wp-ultimate-csv...')
#2 {main}
  thrown in /Applications/XAMPP/xamppfiles/htdocs/atom-wp/wp-content/plugins/wp-ultimate-csv-importer-pro/wp-ultimate-csv-importer-pro.php on line 430

2019-12-26T18:28:37+00:00 CRITICAL Cannot redeclare SearchFile() (previously declared in /Applications/XAMPP/xamppfiles/htdocs/atom-wp/wp-content/plugins/wp-all-import-pro/helpers/class.plugin-modules.php:55) in /Applications/XAMPP/xamppfiles/htdocs/atom-wp/wp-content/plugins/wp-all-import-pro/config/class.plugin-modules.php on line 55

2019-12-26T18:32:56+00:00 CRITICAL Uncaught Exception: Undefined field id. in /Applications/XAMPP/xamppfiles/htdocs/atom-wp/wp-content/plugins/wp-all-import-pro/models/model/record.php:148
Stack trace:
#0 /Applications/XAMPP/xamppfiles/htdocs/atom-wp/wp-content/plugins/wp-all-import-pro/controllers/admin/import.php(2616): PMXI_Model_Record->__get('id')
#1 /Applications/XAMPP/xamppfiles/htdocs/atom-wp/wp-content/plugins/wp-all-import-pro/wp-all-import-pro.php(628): PMXI_Admin_Import->process()
#2 /Applications/XAMPP/xamppfiles/htdocs/atom-wp/wp-includes/class-wp-hook.php(286): PMXI_Plugin->adminInit('')
#3 /Applications/XAMPP/xamppfiles/htdocs/atom-wp/wp-includes/class-wp-hook.php(310): WP_Hook->apply_filters(NULL, Array)
#4 /Applications/XAMPP/xamppfiles/htdocs/atom-wp/wp-includes/plugin.php(465): WP_Hook->do_action(Array)
#5 /Applications/XAMPP/xamppfiles/htdocs/atom-wp/wp-admin/admin.php(169): do_action('admin_init')
#6 {main}
  thrown in /Applications/XAMPP/xamppfiles/htdocs/atom-wp/wp-content/plugins/wp-all-import-pro/models/model/record.php on line 148

