2020-03-02T08:41:35+00:00 CRITICAL Uncaught Error: Call to undefined function simplexml_load_string() in /var/www/html/test-web/wp-content/plugins/ajax-search-lite/includes/classes/suggest/google_suggest.class.php:52
Stack trace:
#0 /var/www/html/test-web/wp-content/plugins/ajax-search-lite/includes/classes/suggest/suggest-wrapper.class.php(29): wpd_googleKeywordSuggest->getKeywords('Nokia')
#1 /var/www/html/test-web/wp-content/plugins/ajax-search-lite/includes/classes/search/search.controller.class.php(105): wpd_keywordSuggest->getKeywords('Nokia')
#2 /var/www/html/test-web/wp-content/plugins/ajax-search-lite/includes/classes/ajax/class-asl-search.php(49): asl_searchController->kwSuggestions()
#3 /var/www/html/test-web/wp-includes/class-wp-hook.php(286): WD_ASL_Search_Handler->handle('')
#4 /var/www/html/test-web/wp-includes/class-wp-hook.php(310): WP_Hook->apply_filters('', Array)
#5 /var/www/html/test-web/wp-includes/plugin.php(465): WP_Hook->do_action(Array)
#6 /var/www/html/test-web/wp-admin/admin-ajax.php(188): do_action('wp_ajax_nopriv_ dans /var/www/html/test-web/wp-content/plugins/ajax-search-lite/includes/classes/suggest/google_suggest.class.php à la ligne 52

2020-03-02T08:41:38+00:00 CRITICAL Uncaught Error: Call to undefined function simplexml_load_string() in /var/www/html/test-web/wp-content/plugins/ajax-search-lite/includes/classes/suggest/google_suggest.class.php:52
Stack trace:
#0 /var/www/html/test-web/wp-content/plugins/ajax-search-lite/includes/classes/suggest/suggest-wrapper.class.php(29): wpd_googleKeywordSuggest->getKeywords('Noki')
#1 /var/www/html/test-web/wp-content/plugins/ajax-search-lite/includes/classes/search/search.controller.class.php(105): wpd_keywordSuggest->getKeywords('Noki')
#2 /var/www/html/test-web/wp-content/plugins/ajax-search-lite/includes/classes/ajax/class-asl-search.php(49): asl_searchController->kwSuggestions()
#3 /var/www/html/test-web/wp-includes/class-wp-hook.php(286): WD_ASL_Search_Handler->handle('')
#4 /var/www/html/test-web/wp-includes/class-wp-hook.php(310): WP_Hook->apply_filters('', Array)
#5 /var/www/html/test-web/wp-includes/plugin.php(465): WP_Hook->do_action(Array)
#6 /var/www/html/test-web/wp-admin/admin-ajax.php(188): do_action('wp_ajax_nopriv_.. dans /var/www/html/test-web/wp-content/plugins/ajax-search-lite/includes/classes/suggest/google_suggest.class.php à la ligne 52

2020-03-02T18:18:25+00:00 CRITICAL syntax error, unexpected '<' dans /var/www/html/test-web/wp-content/themes/storefront/search.php à la ligne 30

2020-03-02T19:00:35+00:00 CRITICAL Uncaught Error: Call to undefined function simplexml_load_string() in /var/www/html/test-web/wp-content/plugins/ajax-search-lite/includes/classes/suggest/google_suggest.class.php:52
Stack trace:
#0 /var/www/html/test-web/wp-content/plugins/ajax-search-lite/includes/classes/suggest/suggest-wrapper.class.php(29): wpd_googleKeywordSuggest->getKeywords('iphonr')
#1 /var/www/html/test-web/wp-content/plugins/ajax-search-lite/includes/classes/search/search.controller.class.php(105): wpd_keywordSuggest->getKeywords('iphonr')
#2 /var/www/html/test-web/wp-content/plugins/ajax-search-lite/includes/classes/ajax/class-asl-search.php(49): asl_searchController->kwSuggestions()
#3 /var/www/html/test-web/wp-includes/class-wp-hook.php(286): WD_ASL_Search_Handler->handle('')
#4 /var/www/html/test-web/wp-includes/class-wp-hook.php(310): WP_Hook->apply_filters('', Array)
#5 /var/www/html/test-web/wp-includes/plugin.php(465): WP_Hook->do_action(Array)
#6 /var/www/html/test-web/wp-admin/admin-ajax.php(173): do_action('wp_ajax_ajaxs dans /var/www/html/test-web/wp-content/plugins/ajax-search-lite/includes/classes/suggest/google_suggest.class.php à la ligne 52

